<?xml version="1.0" encoding="UTF-8"?>
<!-- Generated by org.testng.reporters.JUnitReportReporter -->
<testsuite hostname="DESKTOP-AFJ3M2K" failures="0" tests="1" name="Tests.TestCase" time="35.793" errors="0" timestamp="2022-07-07T12:04:06 IST" skipped="0">
  <testcase classname="Tests.TestCase" name="SportsActivities" time="35.793"/>
  <system-out/>
</testsuite> <!-- Tests.TestCase -->
